2023-02-23 12:32:05,918 [Worker-0] INFO  c.g.t.t.d.PublishedGradleVersions - Gradle version information cache is up-to-date. Trying to read.
2023-02-23 12:35:17,277 [Worker-1] INFO  o.e.m.c.i.l.LifecycleMappingFactory - Using org.eclipse.m2e.jdt.JarLifecycleMapping lifecycle mapping for MavenProject: com.egen:OrderSystem:0.0.1-SNAPSHOT @ C:\CaseStudy\OrdMnagWorkspace\orderManagementsystem\pom.xml.
2023-02-23 12:35:20,249 [Worker-1] INFO  o.e.m.c.i.e.AbstractTransferListenerAdapter - Downloading https://repo.maven.apache.org/maven2/mysql/mysql-connector-java/8.0.21/mysql-connector-java-8.0.21.pom
2023-02-23 12:35:20,325 [Worker-1] INFO  o.e.m.c.i.e.AbstractTransferListenerAdapter - Downloaded https://repo.maven.apache.org/maven2/mysql/mysql-connector-java/8.0.21/mysql-connector-java-8.0.21.pom
2023-02-23 12:35:22,548 [Worker-1] INFO  o.e.m.c.i.e.AbstractTransferListenerAdapter - Downloading https://repo.maven.apache.org/maven2/mysql/mysql-connector-java/8.0.21/mysql-connector-java-8.0.21.jar
2023-02-23 12:35:22,812 [Worker-1] INFO  o.e.m.c.i.e.AbstractTransferListenerAdapter - Downloaded https://repo.maven.apache.org/maven2/mysql/mysql-connector-java/8.0.21/mysql-connector-java-8.0.21.jar
2023-02-23 12:35:31,794 [Worker-1] INFO  o.e.m.j.i.AbstractJavaProjectConfigurator - Adding source folder /orderManagementsystem/src/main/java
2023-02-23 12:35:31,795 [Worker-1] INFO  o.e.m.j.i.AbstractJavaProjectConfigurator - Adding resource folder /orderManagementsystem/src/main/resources
2023-02-23 12:35:31,795 [Worker-1] INFO  o.e.m.j.i.AbstractJavaProjectConfigurator - Adding resource folder /orderManagementsystem/src/main/resources
2023-02-23 12:35:31,796 [Worker-1] INFO  o.e.m.j.i.AbstractJavaProjectConfigurator - Adding source folder /orderManagementsystem/src/test/java
2023-02-23 12:35:32,542 [Worker-1] INFO  o.e.m.c.i.p.ProjectConfigurationManager - Imported and configured 1 project(s) in 29 sec
2023-02-23 12:35:35,473 [Worker-7] INFO  o.e.m.c.i.embedder.EclipseLogger - Using 'UTF-8' encoding to copy filtered resources.
2023-02-23 12:35:35,487 [Worker-7] INFO  o.e.m.c.i.embedder.EclipseLogger - Copying 1 resource
2023-02-23 12:35:35,537 [Worker-7] INFO  o.e.m.c.i.embedder.EclipseLogger - Copying 0 resource
2023-02-23 12:35:35,541 [Worker-7] INFO  o.e.m.c.i.embedder.EclipseLogger - Using 'UTF-8' encoding to copy filtered resources.
2023-02-23 12:35:35,541 [Worker-7] INFO  o.e.m.c.i.embedder.EclipseLogger - skip non existing resourceDirectory C:\CaseStudy\OrdMnagWorkspace\orderManagementsystem\src\test\resources
2023-02-23 12:37:57,747 [Worker-1] INFO  o.e.m.c.i.l.LifecycleMappingFactory - Using org.eclipse.m2e.jdt.JarLifecycleMapping lifecycle mapping for MavenProject: com.egen:OrderSystem:0.0.1-SNAPSHOT @ C:\CaseStudy\OrdMnagWorkspace\orderManagementsystem\pom.xml.
2023-02-23 12:38:02,653 [Worker-1] INFO  o.e.m.c.i.embedder.EclipseLogger - Using 'UTF-8' encoding to copy filtered resources.
2023-02-23 12:38:02,657 [Worker-1] INFO  o.e.m.c.i.embedder.EclipseLogger - Copying 0 resource
2023-02-23 12:38:02,657 [Worker-1] INFO  o.e.m.c.i.embedder.EclipseLogger - Copying 0 resource
2023-02-23 12:38:02,660 [Worker-1] INFO  o.e.m.c.i.embedder.EclipseLogger - Using 'UTF-8' encoding to copy filtered resources.
2023-02-23 12:38:02,660 [Worker-1] INFO  o.e.m.c.i.embedder.EclipseLogger - skip non existing resourceDirectory C:\CaseStudy\OrdMnagWorkspace\orderManagementsystem\src\test\resources
2023-02-23 12:38:05,275 [Worker-19] INFO  o.e.m.c.i.embedder.EclipseLogger - Using 'UTF-8' encoding to copy filtered resources.
2023-02-23 12:38:05,281 [Worker-19] INFO  o.e.m.c.i.embedder.EclipseLogger - Copying 1 resource
2023-02-23 12:38:05,329 [Worker-19] INFO  o.e.m.c.i.embedder.EclipseLogger - Copying 0 resource
2023-02-23 12:38:05,354 [Worker-19] INFO  o.e.m.c.i.embedder.EclipseLogger - Using 'UTF-8' encoding to copy filtered resources.
2023-02-23 12:38:05,355 [Worker-19] INFO  o.e.m.c.i.embedder.EclipseLogger - skip non existing resourceDirectory C:\CaseStudy\OrdMnagWorkspace\orderManagementsystem\src\test\resources
2023-02-23 12:38:14,871 [Worker-10] INFO  o.e.m.c.i.l.LifecycleMappingFactory - Using org.eclipse.m2e.jdt.JarLifecycleMapping lifecycle mapping for MavenProject: com.egen:OrderSystem:0.0.1-SNAPSHOT @ C:\CaseStudy\OrdMnagWorkspace\orderManagementsystem\pom.xml.
2023-02-23 12:38:16,649 [Worker-10] INFO  o.e.m.c.i.embedder.EclipseLogger - Using 'UTF-8' encoding to copy filtered resources.
2023-02-23 12:38:16,653 [Worker-10] INFO  o.e.m.c.i.embedder.EclipseLogger - Copying 0 resource
2023-02-23 12:38:16,653 [Worker-10] INFO  o.e.m.c.i.embedder.EclipseLogger - Copying 0 resource
2023-02-23 12:38:16,656 [Worker-10] INFO  o.e.m.c.i.embedder.EclipseLogger - Using 'UTF-8' encoding to copy filtered resources.
2023-02-23 12:38:16,658 [Worker-10] INFO  o.e.m.c.i.embedder.EclipseLogger - skip non existing resourceDirectory C:\CaseStudy\OrdMnagWorkspace\orderManagementsystem\src\test\resources
2023-02-23 12:38:33,643 [Worker-1] INFO  o.e.m.c.i.p.ProjectConfigurationManager - Update started
2023-02-23 12:38:35,741 [Worker-1] INFO  o.e.m.c.i.l.LifecycleMappingFactory - Using org.eclipse.m2e.jdt.JarLifecycleMapping lifecycle mapping for MavenProject: com.egen:OrderSystem:0.0.1-SNAPSHOT @ C:\CaseStudy\OrdMnagWorkspace\orderManagementsystem\pom.xml.
2023-02-23 12:38:38,511 [Worker-1] INFO  o.e.m.j.i.AbstractJavaProjectConfigurator - Adding source folder /orderManagementsystem/src/main/java
2023-02-23 12:38:38,511 [Worker-1] INFO  o.e.m.j.i.AbstractJavaProjectConfigurator - Adding resource folder /orderManagementsystem/src/main/resources
2023-02-23 12:38:38,512 [Worker-1] INFO  o.e.m.j.i.AbstractJavaProjectConfigurator - Adding resource folder /orderManagementsystem/src/main/resources
2023-02-23 12:38:38,521 [Worker-1] INFO  o.e.m.j.i.AbstractJavaProjectConfigurator - Adding source folder /orderManagementsystem/src/test/java
2023-02-23 12:38:39,524 [Worker-1] INFO  o.e.m.c.i.p.ProjectConfigurationManager - Update completed: 5 sec
2023-02-23 12:38:40,787 [Worker-10] INFO  o.e.m.c.i.embedder.EclipseLogger - Using 'UTF-8' encoding to copy filtered resources.
2023-02-23 12:38:40,788 [Worker-10] INFO  o.e.m.c.i.embedder.EclipseLogger - Copying 1 resource
2023-02-23 12:38:40,804 [Worker-10] INFO  o.e.m.c.i.embedder.EclipseLogger - Copying 0 resource
2023-02-23 12:38:40,809 [Worker-10] INFO  o.e.m.c.i.embedder.EclipseLogger - Using 'UTF-8' encoding to copy filtered resources.
2023-02-23 12:38:40,810 [Worker-10] INFO  o.e.m.c.i.embedder.EclipseLogger - skip non existing resourceDirectory C:\CaseStudy\OrdMnagWorkspace\orderManagementsystem\src\test\resources
2023-02-23 12:42:24,458 [Worker-19] INFO  o.e.m.c.i.embedder.EclipseLogger - Using 'UTF-8' encoding to copy filtered resources.
2023-02-23 12:42:24,459 [Worker-19] INFO  o.e.m.c.i.embedder.EclipseLogger - Copying 1 resource
2023-02-23 12:42:24,462 [Worker-19] INFO  o.e.m.c.i.embedder.EclipseLogger - Copying 0 resource
2023-02-23 12:42:24,464 [Worker-19] INFO  o.e.m.c.i.embedder.EclipseLogger - Using 'UTF-8' encoding to copy filtered resources.
2023-02-23 12:42:24,464 [Worker-19] INFO  o.e.m.c.i.embedder.EclipseLogger - skip non existing resourceDirectory C:\CaseStudy\OrdMnagWorkspace\orderManagementsystem\src\test\resources
2023-02-23 12:42:25,523 [Worker-23] INFO  o.e.m.c.i.embedder.EclipseLogger - Using 'UTF-8' encoding to copy filtered resources.
2023-02-23 12:42:25,523 [Worker-23] INFO  o.e.m.c.i.embedder.EclipseLogger - Copying 0 resource
2023-02-23 12:42:25,524 [Worker-23] INFO  o.e.m.c.i.embedder.EclipseLogger - Copying 0 resource
2023-02-23 12:42:25,525 [Worker-23] INFO  o.e.m.c.i.embedder.EclipseLogger - Using 'UTF-8' encoding to copy filtered resources.
2023-02-23 12:42:25,526 [Worker-23] INFO  o.e.m.c.i.embedder.EclipseLogger - skip non existing resourceDirectory C:\CaseStudy\OrdMnagWorkspace\orderManagementsystem\src\test\resources
2023-02-23 12:56:54,791 [Worker-31] INFO  o.e.m.c.i.embedder.EclipseLogger - Using 'UTF-8' encoding to copy filtered resources.
2023-02-23 12:56:54,792 [Worker-31] INFO  o.e.m.c.i.embedder.EclipseLogger - Copying 1 resource
2023-02-23 12:56:54,795 [Worker-31] INFO  o.e.m.c.i.embedder.EclipseLogger - Copying 0 resource
2023-02-23 12:56:54,798 [Worker-31] INFO  o.e.m.c.i.embedder.EclipseLogger - Using 'UTF-8' encoding to copy filtered resources.
2023-02-23 12:56:54,798 [Worker-31] INFO  o.e.m.c.i.embedder.EclipseLogger - skip non existing resourceDirectory C:\CaseStudy\OrdMnagWorkspace\orderManagementsystem\src\test\resources
2023-02-23 12:56:55,849 [Worker-24] INFO  o.e.m.c.i.embedder.EclipseLogger - Using 'UTF-8' encoding to copy filtered resources.
2023-02-23 12:56:55,850 [Worker-24] INFO  o.e.m.c.i.embedder.EclipseLogger - Copying 0 resource
2023-02-23 12:56:55,850 [Worker-24] INFO  o.e.m.c.i.embedder.EclipseLogger - Copying 0 resource
2023-02-23 12:56:55,851 [Worker-24] INFO  o.e.m.c.i.embedder.EclipseLogger - Using 'UTF-8' encoding to copy filtered resources.
2023-02-23 12:56:55,852 [Worker-24] INFO  o.e.m.c.i.embedder.EclipseLogger - skip non existing resourceDirectory C:\CaseStudy\OrdMnagWorkspace\orderManagementsystem\src\test\resources
2023-02-23 12:59:29,045 [Worker-31] INFO  o.e.m.c.i.embedder.EclipseLogger - Using 'UTF-8' encoding to copy filtered resources.
2023-02-23 12:59:29,049 [Worker-31] INFO  o.e.m.c.i.embedder.EclipseLogger - Copying 1 resource
2023-02-23 12:59:29,053 [Worker-31] INFO  o.e.m.c.i.embedder.EclipseLogger - Copying 0 resource
2023-02-23 12:59:29,055 [Worker-31] INFO  o.e.m.c.i.embedder.EclipseLogger - Using 'UTF-8' encoding to copy filtered resources.
2023-02-23 12:59:29,056 [Worker-31] INFO  o.e.m.c.i.embedder.EclipseLogger - skip non existing resourceDirectory C:\CaseStudy\OrdMnagWorkspace\orderManagementsystem\src\test\resources
2023-02-23 12:59:30,165 [Worker-31] INFO  o.e.m.c.i.embedder.EclipseLogger - Using 'UTF-8' encoding to copy filtered resources.
2023-02-23 12:59:30,165 [Worker-31] INFO  o.e.m.c.i.embedder.EclipseLogger - Copying 0 resource
2023-02-23 12:59:30,166 [Worker-31] INFO  o.e.m.c.i.embedder.EclipseLogger - Copying 0 resource
2023-02-23 12:59:30,168 [Worker-31] INFO  o.e.m.c.i.embedder.EclipseLogger - Using 'UTF-8' encoding to copy filtered resources.
2023-02-23 12:59:30,168 [Worker-31] INFO  o.e.m.c.i.embedder.EclipseLogger - skip non existing resourceDirectory C:\CaseStudy\OrdMnagWorkspace\orderManagementsystem\src\test\resources
2023-02-23 13:00:21,141 [Worker-29] INFO  o.e.m.c.i.embedder.EclipseLogger - Using 'UTF-8' encoding to copy filtered resources.
2023-02-23 13:00:21,141 [Worker-29] INFO  o.e.m.c.i.embedder.EclipseLogger - Copying 1 resource
2023-02-23 13:00:21,143 [Worker-29] INFO  o.e.m.c.i.embedder.EclipseLogger - Copying 0 resource
2023-02-23 13:00:21,147 [Worker-29] INFO  o.e.m.c.i.embedder.EclipseLogger - Using 'UTF-8' encoding to copy filtered resources.
2023-02-23 13:00:21,147 [Worker-29] INFO  o.e.m.c.i.embedder.EclipseLogger - skip non existing resourceDirectory C:\CaseStudy\OrdMnagWorkspace\orderManagementsystem\src\test\resources
2023-02-23 14:55:35,372 [Worker-59] INFO  o.e.m.c.i.embedder.EclipseLogger - Using 'UTF-8' encoding to copy filtered resources.
2023-02-23 14:55:35,373 [Worker-59] INFO  o.e.m.c.i.embedder.EclipseLogger - Copying 0 resource
2023-02-23 14:55:35,373 [Worker-59] INFO  o.e.m.c.i.embedder.EclipseLogger - Copying 0 resource
2023-02-23 14:55:35,375 [Worker-59] INFO  o.e.m.c.i.embedder.EclipseLogger - Using 'UTF-8' encoding to copy filtered resources.
2023-02-23 14:55:35,375 [Worker-59] INFO  o.e.m.c.i.embedder.EclipseLogger - skip non existing resourceDirectory C:\CaseStudy\OrdMnagWorkspace\orderManagementsystem\src\test\resources
2023-02-23 14:55:47,444 [Worker-61] INFO  o.e.m.c.i.embedder.EclipseLogger - Using 'UTF-8' encoding to copy filtered resources.
2023-02-23 14:55:47,444 [Worker-61] INFO  o.e.m.c.i.embedder.EclipseLogger - Copying 0 resource
2023-02-23 14:55:47,444 [Worker-61] INFO  o.e.m.c.i.embedder.EclipseLogger - Copying 0 resource
2023-02-23 14:55:47,446 [Worker-61] INFO  o.e.m.c.i.embedder.EclipseLogger - Using 'UTF-8' encoding to copy filtered resources.
2023-02-23 14:55:47,447 [Worker-61] INFO  o.e.m.c.i.embedder.EclipseLogger - skip non existing resourceDirectory C:\CaseStudy\OrdMnagWorkspace\orderManagementsystem\src\test\resources
2023-02-23 14:55:48,528 [Worker-62] INFO  o.e.m.c.i.embedder.EclipseLogger - Using 'UTF-8' encoding to copy filtered resources.
2023-02-23 14:55:48,529 [Worker-62] INFO  o.e.m.c.i.embedder.EclipseLogger - Copying 0 resource
2023-02-23 14:55:48,529 [Worker-62] INFO  o.e.m.c.i.embedder.EclipseLogger - Copying 0 resource
2023-02-23 14:55:48,532 [Worker-62] INFO  o.e.m.c.i.embedder.EclipseLogger - Using 'UTF-8' encoding to copy filtered resources.
2023-02-23 14:55:48,532 [Worker-62] INFO  o.e.m.c.i.embedder.EclipseLogger - skip non existing resourceDirectory C:\CaseStudy\OrdMnagWorkspace\orderManagementsystem\src\test\resources
2023-02-23 14:55:49,605 [Worker-70] INFO  o.e.m.c.i.embedder.EclipseLogger - Using 'UTF-8' encoding to copy filtered resources.
2023-02-23 14:55:49,606 [Worker-70] INFO  o.e.m.c.i.embedder.EclipseLogger - Copying 0 resource
2023-02-23 14:55:49,607 [Worker-70] INFO  o.e.m.c.i.embedder.EclipseLogger - Copying 0 resource
2023-02-23 14:55:49,609 [Worker-70] INFO  o.e.m.c.i.embedder.EclipseLogger - Using 'UTF-8' encoding to copy filtered resources.
2023-02-23 14:55:49,610 [Worker-70] INFO  o.e.m.c.i.embedder.EclipseLogger - skip non existing resourceDirectory C:\CaseStudy\OrdMnagWorkspace\orderManagementsystem\src\test\resources
2023-02-23 14:55:50,702 [Worker-50] INFO  o.e.m.c.i.embedder.EclipseLogger - Using 'UTF-8' encoding to copy filtered resources.
2023-02-23 14:55:50,703 [Worker-50] INFO  o.e.m.c.i.embedder.EclipseLogger - Copying 0 resource
2023-02-23 14:55:50,703 [Worker-50] INFO  o.e.m.c.i.embedder.EclipseLogger - Copying 0 resource
2023-02-23 14:55:50,706 [Worker-50] INFO  o.e.m.c.i.embedder.EclipseLogger - Using 'UTF-8' encoding to copy filtered resources.
2023-02-23 14:55:50,707 [Worker-50] INFO  o.e.m.c.i.embedder.EclipseLogger - skip non existing resourceDirectory C:\CaseStudy\OrdMnagWorkspace\orderManagementsystem\src\test\resources
2023-02-23 14:55:51,768 [Worker-59] INFO  o.e.m.c.i.embedder.EclipseLogger - Using 'UTF-8' encoding to copy filtered resources.
2023-02-23 14:55:51,769 [Worker-59] INFO  o.e.m.c.i.embedder.EclipseLogger - Copying 0 resource
2023-02-23 14:55:51,769 [Worker-59] INFO  o.e.m.c.i.embedder.EclipseLogger - Copying 0 resource
2023-02-23 14:55:51,771 [Worker-59] INFO  o.e.m.c.i.embedder.EclipseLogger - Using 'UTF-8' encoding to copy filtered resources.
2023-02-23 14:55:51,771 [Worker-59] INFO  o.e.m.c.i.embedder.EclipseLogger - skip non existing resourceDirectory C:\CaseStudy\OrdMnagWorkspace\orderManagementsystem\src\test\resources
2023-02-23 15:03:49,376 [Worker-75] INFO  o.e.m.c.i.embedder.EclipseLogger - Using 'UTF-8' encoding to copy filtered resources.
2023-02-23 15:03:49,376 [Worker-75] INFO  o.e.m.c.i.embedder.EclipseLogger - Copying 0 resource
2023-02-23 15:03:49,377 [Worker-75] INFO  o.e.m.c.i.embedder.EclipseLogger - Copying 0 resource
2023-02-23 15:03:49,380 [Worker-75] INFO  o.e.m.c.i.embedder.EclipseLogger - Using 'UTF-8' encoding to copy filtered resources.
2023-02-23 15:03:49,384 [Worker-75] INFO  o.e.m.c.i.embedder.EclipseLogger - skip non existing resourceDirectory C:\CaseStudy\OrdMnagWorkspace\orderManagementsystem\src\test\resources
2023-02-23 15:10:27,576 [Worker-74] INFO  o.e.m.c.i.embedder.EclipseLogger - Using 'UTF-8' encoding to copy filtered resources.
2023-02-23 15:10:27,576 [Worker-74] INFO  o.e.m.c.i.embedder.EclipseLogger - Copying 0 resource
2023-02-23 15:10:27,576 [Worker-74] INFO  o.e.m.c.i.embedder.EclipseLogger - Copying 0 resource
2023-02-23 15:10:27,580 [Worker-74] INFO  o.e.m.c.i.embedder.EclipseLogger - Using 'UTF-8' encoding to copy filtered resources.
2023-02-23 15:10:27,580 [Worker-74] INFO  o.e.m.c.i.embedder.EclipseLogger - skip non existing resourceDirectory C:\CaseStudy\OrdMnagWorkspace\orderManagementsystem\src\test\resources
2023-02-23 15:10:42,996 [Worker-74] INFO  o.e.m.c.i.embedder.EclipseLogger - Using 'UTF-8' encoding to copy filtered resources.
2023-02-23 15:10:42,996 [Worker-74] INFO  o.e.m.c.i.embedder.EclipseLogger - Copying 0 resource
2023-02-23 15:10:42,997 [Worker-74] INFO  o.e.m.c.i.embedder.EclipseLogger - Copying 0 resource
2023-02-23 15:10:42,999 [Worker-74] INFO  o.e.m.c.i.embedder.EclipseLogger - Using 'UTF-8' encoding to copy filtered resources.
2023-02-23 15:10:42,999 [Worker-74] INFO  o.e.m.c.i.embedder.EclipseLogger - skip non existing resourceDirectory C:\CaseStudy\OrdMnagWorkspace\orderManagementsystem\src\test\resources
2023-02-23 15:10:44,105 [Worker-31] INFO  o.e.m.c.i.embedder.EclipseLogger - Using 'UTF-8' encoding to copy filtered resources.
2023-02-23 15:10:44,106 [Worker-31] INFO  o.e.m.c.i.embedder.EclipseLogger - Copying 0 resource
2023-02-23 15:10:44,106 [Worker-31] INFO  o.e.m.c.i.embedder.EclipseLogger - Copying 0 resource
2023-02-23 15:10:44,108 [Worker-31] INFO  o.e.m.c.i.embedder.EclipseLogger - Using 'UTF-8' encoding to copy filtered resources.
2023-02-23 15:10:44,109 [Worker-31] INFO  o.e.m.c.i.embedder.EclipseLogger - skip non existing resourceDirectory C:\CaseStudy\OrdMnagWorkspace\orderManagementsystem\src\test\resources
2023-02-23 15:10:45,190 [Worker-81] INFO  o.e.m.c.i.embedder.EclipseLogger - Using 'UTF-8' encoding to copy filtered resources.
2023-02-23 15:10:45,191 [Worker-81] INFO  o.e.m.c.i.embedder.EclipseLogger - Copying 0 resource
2023-02-23 15:10:45,191 [Worker-81] INFO  o.e.m.c.i.embedder.EclipseLogger - Copying 0 resource
2023-02-23 15:10:45,192 [Worker-81] INFO  o.e.m.c.i.embedder.EclipseLogger - Using 'UTF-8' encoding to copy filtered resources.
2023-02-23 15:10:45,192 [Worker-81] INFO  o.e.m.c.i.embedder.EclipseLogger - skip non existing resourceDirectory C:\CaseStudy\OrdMnagWorkspace\orderManagementsystem\src\test\resources
2023-02-23 15:10:46,258 [Worker-81] INFO  o.e.m.c.i.embedder.EclipseLogger - Using 'UTF-8' encoding to copy filtered resources.
2023-02-23 15:10:46,258 [Worker-81] INFO  o.e.m.c.i.embedder.EclipseLogger - Copying 0 resource
2023-02-23 15:10:46,258 [Worker-81] INFO  o.e.m.c.i.embedder.EclipseLogger - Copying 0 resource
2023-02-23 15:10:46,260 [Worker-81] INFO  o.e.m.c.i.embedder.EclipseLogger - Using 'UTF-8' encoding to copy filtered resources.
2023-02-23 15:10:46,261 [Worker-81] INFO  o.e.m.c.i.embedder.EclipseLogger - skip non existing resourceDirectory C:\CaseStudy\OrdMnagWorkspace\orderManagementsystem\src\test\resources
2023-02-23 15:15:07,193 [Worker-81] INFO  o.e.m.c.i.embedder.EclipseLogger - Using 'UTF-8' encoding to copy filtered resources.
2023-02-23 15:15:07,194 [Worker-81] INFO  o.e.m.c.i.embedder.EclipseLogger - Copying 0 resource
2023-02-23 15:15:07,194 [Worker-81] INFO  o.e.m.c.i.embedder.EclipseLogger - Copying 0 resource
2023-02-23 15:15:07,196 [Worker-81] INFO  o.e.m.c.i.embedder.EclipseLogger - Using 'UTF-8' encoding to copy filtered resources.
2023-02-23 15:15:07,197 [Worker-81] INFO  o.e.m.c.i.embedder.EclipseLogger - skip non existing resourceDirectory C:\CaseStudy\OrdMnagWorkspace\orderManagementsystem\src\test\resources
